2026-05-12 17:20:53,310 | INFO | stock_hawk | Token loaded successfully for Dilip Jayantilal Shah
2026-05-12 17:20:54,020 | INFO | stock_hawk | Token loaded successfully for Dilip Jayantilal Shah
2026-05-12 17:20:54,021 | INFO | stock_hawk | Downloading instrument list...
2026-05-12 17:20:57,893 | INFO | stock_hawk | Building trend data for BANKNIFTY... (6/20)
2026-05-12 17:21:14,995 | INFO | stock_hawk | Building trend data for BANKNIFTY... (0/20)
2026-05-12 17:21:33,043 | INFO | stock_hawk | Building trend data for BANKNIFTY... (0/20)
2026-05-12 17:21:50,955 | INFO | stock_hawk | Building trend data for BANKNIFTY... (0/20)
2026-05-12 17:22:08,971 | INFO | stock_hawk | Building trend data for BANKNIFTY... (0/20)
2026-05-12 17:22:23,963 | INFO | stock_hawk | Building trend data for NIFTY... (19/20)
2026-05-12 17:22:23,963 | INFO | stock_hawk | Building trend data for BANKNIFTY... (0/20)
2026-05-12 17:22:39,098 | INFO | stock_hawk | Building trend data for NIFTY... (14/20)
2026-05-12 17:22:39,098 | INFO | stock_hawk | Building trend data for BANKNIFTY... (0/20)
2026-05-12 17:22:54,600 | INFO | stock_hawk | Building trend data for NIFTY... (11/20)
2026-05-12 17:22:54,601 | INFO | stock_hawk | Building trend data for BANKNIFTY... (0/20)
2026-05-12 17:23:11,977 | INFO | stock_hawk | Building trend data for NIFTY... (11/20)
2026-05-12 17:23:11,977 | INFO | stock_hawk | Building trend data for BANKNIFTY... (0/20)
2026-05-12 17:23:29,975 | INFO | stock_hawk | Building trend data for NIFTY... (7/20)
2026-05-12 17:23:29,975 | INFO | stock_hawk | Building trend data for BANKNIFTY... (0/20)
2026-05-12 17:23:45,013 | INFO | stock_hawk | Building trend data for NIFTY... (2/20)
2026-05-12 17:23:45,013 | INFO | stock_hawk | Building trend data for BANKNIFTY... (0/20)
2026-05-12 17:24:02,953 | INFO | stock_hawk | Building trend data for NIFTY... (0/20)
2026-05-12 17:24:02,954 | INFO | stock_hawk | Building trend data for BANKNIFTY... (0/20)
2026-05-12 17:24:17,976 | INFO | stock_hawk | Building trend data for NIFTY... (0/20)
2026-05-12 17:24:17,976 | INFO | stock_hawk | Building trend data for BANKNIFTY... (0/20)
2026-05-12 17:24:33,074 | INFO | stock_hawk | Building trend data for NIFTY... (0/20)
2026-05-12 17:24:33,074 | INFO | stock_hawk | Building trend data for BANKNIFTY... (0/20)
2026-05-12 17:24:51,008 | INFO | stock_hawk | Building trend data for NIFTY... (0/20)
2026-05-12 17:24:51,008 | INFO | stock_hawk | Building trend data for BANKNIFTY... (0/20)
2026-05-12 17:25:06,066 | INFO | stock_hawk | Building trend data for NIFTY... (0/20)
2026-05-12 17:25:06,066 | INFO | stock_hawk | Building trend data for BANKNIFTY... (0/20)
2026-05-12 17:25:24,067 | INFO | stock_hawk | Building trend data for NIFTY... (0/20)
2026-05-12 17:25:24,067 | INFO | stock_hawk | Building trend data for BANKNIFTY... (0/20)
2026-05-12 17:25:39,075 | INFO | stock_hawk | Building trend data for NIFTY... (0/20)
2026-05-12 17:25:39,075 | INFO | stock_hawk | Building trend data for BANKNIFTY... (0/20)
2026-05-12 17:25:57,007 | INFO | stock_hawk | Building trend data for NIFTY... (0/20)
2026-05-12 17:25:57,007 | INFO | stock_hawk | Building trend data for BANKNIFTY... (0/20)
2026-05-12 17:26:12,127 | INFO | stock_hawk | Building trend data for NIFTY... (0/20)
2026-05-12 17:26:12,127 | INFO | stock_hawk | Building trend data for BANKNIFTY... (0/20)
2026-05-12 17:26:30,177 | INFO | stock_hawk | Building trend data for NIFTY... (0/20)
2026-05-12 17:26:30,177 | INFO | stock_hawk | Building trend data for BANKNIFTY... (0/20)
2026-05-12 17:26:48,036 | INFO | stock_hawk | Building trend data for NIFTY... (0/20)
2026-05-12 17:26:48,036 | INFO | stock_hawk | Building trend data for BANKNIFTY... (0/20)
2026-05-12 17:27:03,273 | INFO | stock_hawk | Building trend data for NIFTY... (0/20)
2026-05-12 17:27:03,273 | INFO | stock_hawk | Building trend data for BANKNIFTY... (0/20)
2026-05-12 17:27:21,705 | INFO | stock_hawk | Building trend data for NIFTY... (0/20)
2026-05-12 17:27:21,705 | INFO | stock_hawk | Building trend data for BANKNIFTY... (0/20)
2026-05-12 17:27:39,223 | INFO | stock_hawk | Building trend data for NIFTY... (0/20)
2026-05-12 17:27:39,223 | INFO | stock_hawk | Building trend data for BANKNIFTY... (0/20)
2026-05-12 17:27:57,093 | INFO | stock_hawk | Building trend data for NIFTY... (0/20)
2026-05-12 17:27:57,094 | INFO | stock_hawk | Building trend data for BANKNIFTY... (0/20)
2026-05-12 17:28:15,085 | INFO | stock_hawk | Building trend data for NIFTY... (0/20)
2026-05-12 17:28:15,086 | INFO | stock_hawk | Building trend data for BANKNIFTY... (0/20)
2026-05-12 17:28:33,033 | INFO | stock_hawk | Building trend data for NIFTY... (0/20)
2026-05-12 17:28:33,033 | INFO | stock_hawk | Building trend data for BANKNIFTY... (0/20)
2026-05-12 17:28:48,082 | INFO | stock_hawk | Building trend data for NIFTY... (0/20)
2026-05-12 17:28:48,082 | INFO | stock_hawk | Building trend data for BANKNIFTY... (0/20)
2026-05-12 17:29:05,987 | INFO | stock_hawk | Building trend data for NIFTY... (0/20)
2026-05-12 17:29:05,987 | INFO | stock_hawk | Building trend data for BANKNIFTY... (0/20)
2026-05-12 17:29:21,025 | INFO | stock_hawk | Building trend data for NIFTY... (0/20)
2026-05-12 17:29:21,025 | INFO | stock_hawk | Building trend data for BANKNIFTY... (0/20)
2026-05-12 17:29:39,029 | INFO | stock_hawk | Building trend data for NIFTY... (0/20)
2026-05-12 17:29:39,029 | INFO | stock_hawk | Building trend data for BANKNIFTY... (0/20)
2026-05-12 17:29:54,049 | INFO | stock_hawk | Building trend data for NIFTY... (0/20)
2026-05-12 17:29:54,049 | INFO | stock_hawk | Building trend data for BANKNIFTY... (0/20)
2026-05-12 17:30:09,512 | INFO | stock_hawk | Building trend data for NIFTY... (0/20)
2026-05-12 17:30:09,512 | INFO | stock_hawk | Building trend data for BANKNIFTY... (0/20)
2026-05-12 17:30:10,437 | INFO | stock_hawk | Milestone interval set to 1 minutes
2026-05-12 17:30:27,008 | INFO | stock_hawk | Building trend data for NIFTY... (0/20)
2026-05-12 17:30:27,008 | INFO | stock_hawk | Building trend data for BANKNIFTY... (0/20)
2026-05-12 17:30:42,008 | INFO | stock_hawk | Building trend data for NIFTY... (0/20)
2026-05-12 17:30:42,008 | INFO | stock_hawk | Building trend data for BANKNIFTY... (0/20)
2026-05-12 17:30:57,022 | INFO | stock_hawk | Building trend data for NIFTY... (0/20)
2026-05-12 17:30:57,022 | INFO | stock_hawk | Building trend data for BANKNIFTY... (0/20)
2026-05-12 17:31:12,124 | INFO | stock_hawk | Building trend data for NIFTY... (0/20)
2026-05-12 17:31:12,124 | INFO | stock_hawk | Building trend data for BANKNIFTY... (0/20)
2026-05-12 17:31:30,017 | INFO | stock_hawk | Building trend data for NIFTY... (0/20)
2026-05-12 17:31:30,017 | INFO | stock_hawk | Building trend data for BANKNIFTY... (0/20)
2026-05-12 17:31:45,021 | INFO | stock_hawk | Building trend data for NIFTY... (0/20)
2026-05-12 17:31:45,022 | INFO | stock_hawk | Building trend data for BANKNIFTY... (0/20)
2026-05-12 17:32:00,119 | INFO | stock_hawk | Building trend data for NIFTY... (0/20)
2026-05-12 17:32:00,119 | INFO | stock_hawk | Building trend data for BANKNIFTY... (0/20)
2026-05-12 17:32:18,075 | INFO | stock_hawk | Building trend data for NIFTY... (0/20)
2026-05-12 17:32:18,075 | INFO | stock_hawk | Building trend data for BANKNIFTY... (0/20)
2026-05-12 17:32:33,242 | INFO | stock_hawk | Building trend data for NIFTY... (0/20)
2026-05-12 17:32:33,243 | INFO | stock_hawk | Building trend data for BANKNIFTY... (0/20)
2026-05-12 17:32:51,013 | INFO | stock_hawk | Building trend data for NIFTY... (0/20)
2026-05-12 17:32:51,013 | INFO | stock_hawk | Building trend data for BANKNIFTY... (0/20)
2026-05-12 17:33:06,224 | INFO | stock_hawk | Building trend data for NIFTY... (0/20)
2026-05-12 17:33:06,224 | INFO | stock_hawk | Building trend data for BANKNIFTY... (0/20)
2026-05-12 17:33:24,003 | INFO | stock_hawk | Building trend data for NIFTY... (0/20)
2026-05-12 17:33:24,004 | INFO | stock_hawk | Building trend data for BANKNIFTY... (0/20)
2026-05-12 17:33:39,021 | INFO | stock_hawk | Building trend data for NIFTY... (0/20)
2026-05-12 17:33:39,021 | INFO | stock_hawk | Building trend data for BANKNIFTY... (0/20)
2026-05-12 17:33:54,005 | INFO | stock_hawk | Building trend data for NIFTY... (0/20)
2026-05-12 17:33:54,005 | INFO | stock_hawk | Building trend data for BANKNIFTY... (0/20)
2026-05-12 17:34:08,999 | INFO | stock_hawk | Building trend data for NIFTY... (0/20)
2026-05-12 17:34:08,999 | INFO | stock_hawk | Building trend data for BANKNIFTY... (0/20)
2026-05-12 17:34:24,018 | INFO | stock_hawk | Building trend data for NIFTY... (0/20)
2026-05-12 17:34:24,018 | INFO | stock_hawk | Building trend data for BANKNIFTY... (0/20)
2026-05-12 17:34:39,012 | INFO | stock_hawk | Building trend data for NIFTY... (0/20)
2026-05-12 17:34:39,014 | INFO | stock_hawk | Building trend data for BANKNIFTY... (0/20)
2026-05-12 17:34:54,038 | INFO | stock_hawk | Building trend data for NIFTY... (0/20)
2026-05-12 17:34:54,038 | INFO | stock_hawk | Building trend data for BANKNIFTY... (0/20)
2026-05-12 17:35:12,068 | INFO | stock_hawk | Building trend data for NIFTY... (0/20)
2026-05-12 17:35:12,068 | INFO | stock_hawk | Building trend data for BANKNIFTY... (0/20)
2026-05-12 17:35:27,054 | INFO | stock_hawk | Building trend data for NIFTY... (0/20)
2026-05-12 17:35:27,054 | INFO | stock_hawk | Building trend data for BANKNIFTY... (0/20)
2026-05-12 17:35:45,016 | INFO | stock_hawk | Building trend data for NIFTY... (0/20)
2026-05-12 17:35:45,016 | INFO | stock_hawk | Building trend data for BANKNIFTY... (0/20)
2026-05-12 17:36:00,004 | INFO | stock_hawk | Building trend data for NIFTY... (0/20)
2026-05-12 17:36:00,004 | INFO | stock_hawk | Building trend data for BANKNIFTY... (0/20)
2026-05-12 17:36:15,065 | INFO | stock_hawk | Building trend data for NIFTY... (0/20)
2026-05-12 17:36:15,065 | INFO | stock_hawk | Building trend data for BANKNIFTY... (0/20)
2026-05-12 17:36:33,054 | INFO | stock_hawk | Building trend data for NIFTY... (0/20)
2026-05-12 17:36:33,054 | INFO | stock_hawk | Building trend data for BANKNIFTY... (0/20)
2026-05-12 17:36:51,043 | INFO | stock_hawk | Building trend data for NIFTY... (0/20)
2026-05-12 17:36:51,043 | INFO | stock_hawk | Building trend data for BANKNIFTY... (0/20)
2026-05-12 17:37:06,075 | INFO | stock_hawk | Building trend data for NIFTY... (0/20)
2026-05-12 17:37:06,075 | INFO | stock_hawk | Building trend data for BANKNIFTY... (0/20)
2026-05-12 17:37:24,016 | INFO | stock_hawk | Building trend data for NIFTY... (0/20)
2026-05-12 17:37:24,016 | INFO | stock_hawk | Building trend data for BANKNIFTY... (0/20)
2026-05-12 17:37:39,034 | INFO | stock_hawk | Building trend data for NIFTY... (0/20)
2026-05-12 17:37:39,034 | INFO | stock_hawk | Building trend data for BANKNIFTY... (0/20)
2026-05-12 17:37:57,046 | INFO | stock_hawk | Building trend data for NIFTY... (0/20)
2026-05-12 17:37:57,046 | INFO | stock_hawk | Building trend data for BANKNIFTY... (0/20)
2026-05-12 17:38:15,172 | INFO | stock_hawk | Building trend data for NIFTY... (0/20)
2026-05-12 17:38:15,172 | INFO | stock_hawk | Building trend data for BANKNIFTY... (0/20)
2026-05-12 17:38:33,044 | INFO | stock_hawk | Building trend data for NIFTY... (0/20)
2026-05-12 17:38:33,044 | INFO | stock_hawk | Building trend data for BANKNIFTY... (0/20)
2026-05-12 17:38:51,025 | INFO | stock_hawk | Building trend data for NIFTY... (0/20)
2026-05-12 17:38:51,025 | INFO | stock_hawk | Building trend data for BANKNIFTY... (0/20)
2026-05-12 17:39:06,047 | INFO | stock_hawk | Building trend data for NIFTY... (0/20)
2026-05-12 17:39:06,047 | INFO | stock_hawk | Building trend data for BANKNIFTY... (0/20)
2026-05-12 17:39:21,036 | INFO | stock_hawk | Building trend data for NIFTY... (0/20)
2026-05-12 17:39:21,036 | INFO | stock_hawk | Building trend data for BANKNIFTY... (0/20)
2026-05-12 17:39:39,058 | INFO | stock_hawk | Building trend data for NIFTY... (0/20)
2026-05-12 17:39:39,058 | INFO | stock_hawk | Building trend data for BANKNIFTY... (0/20)
2026-05-12 17:39:54,097 | INFO | stock_hawk | Building trend data for NIFTY... (0/20)
2026-05-12 17:39:54,097 | INFO | stock_hawk | Building trend data for BANKNIFTY... (0/20)
2026-05-12 17:40:09,088 | INFO | stock_hawk | Building trend data for NIFTY... (0/20)
2026-05-12 17:40:09,088 | INFO | stock_hawk | Building trend data for BANKNIFTY... (0/20)
2026-05-12 17:40:27,021 | INFO | stock_hawk | Building trend data for NIFTY... (0/20)
2026-05-12 17:40:27,021 | INFO | stock_hawk | Building trend data for BANKNIFTY... (0/20)
2026-05-12 17:40:42,092 | INFO | stock_hawk | Building trend data for NIFTY... (0/20)
2026-05-12 17:40:42,092 | INFO | stock_hawk | Building trend data for BANKNIFTY... (0/20)
2026-05-12 17:41:00,183 | INFO | stock_hawk | Building trend data for NIFTY... (0/20)
2026-05-12 17:41:00,183 | INFO | stock_hawk | Building trend data for BANKNIFTY... (0/20)
2026-05-12 17:41:18,082 | INFO | stock_hawk | Building trend data for NIFTY... (0/20)
2026-05-12 17:41:18,082 | INFO | stock_hawk | Building trend data for BANKNIFTY... (0/20)
2026-05-12 17:41:36,059 | INFO | stock_hawk | Building trend data for NIFTY... (0/20)
2026-05-12 17:41:36,059 | INFO | stock_hawk | Building trend data for BANKNIFTY... (0/20)
2026-05-12 17:41:54,034 | INFO | stock_hawk | Building trend data for NIFTY... (0/20)
2026-05-12 17:41:54,034 | INFO | stock_hawk | Building trend data for BANKNIFTY... (0/20)
2026-05-12 17:42:09,039 | INFO | stock_hawk | Building trend data for NIFTY... (0/20)
2026-05-12 17:42:09,040 | INFO | stock_hawk | Building trend data for BANKNIFTY... (0/20)
2026-05-12 17:42:24,056 | INFO | stock_hawk | Building trend data for NIFTY... (0/20)
2026-05-12 17:42:24,056 | INFO | stock_hawk | Building trend data for BANKNIFTY... (0/20)
2026-05-12 17:42:39,121 | INFO | stock_hawk | Building trend data for NIFTY... (0/20)
2026-05-12 17:42:39,121 | INFO | stock_hawk | Building trend data for BANKNIFTY... (0/20)
2026-05-12 17:42:54,151 | INFO | stock_hawk | Building trend data for NIFTY... (0/20)
2026-05-12 17:42:54,151 | INFO | stock_hawk | Building trend data for BANKNIFTY... (0/20)
2026-05-12 17:43:12,093 | INFO | stock_hawk | Building trend data for NIFTY... (0/20)
2026-05-12 17:43:12,093 | INFO | stock_hawk | Building trend data for BANKNIFTY... (0/20)
2026-05-12 17:43:27,179 | INFO | stock_hawk | Building trend data for NIFTY... (0/20)
2026-05-12 17:43:27,179 | INFO | stock_hawk | Building trend data for BANKNIFTY... (0/20)
2026-05-12 17:43:45,126 | INFO | stock_hawk | Building trend data for NIFTY... (0/20)
2026-05-12 17:43:45,127 | INFO | stock_hawk | Building trend data for BANKNIFTY... (0/20)
2026-05-12 17:44:03,057 | INFO | stock_hawk | Building trend data for NIFTY... (0/20)
2026-05-12 17:44:03,057 | INFO | stock_hawk | Building trend data for BANKNIFTY... (0/20)
2026-05-12 17:44:18,097 | INFO | stock_hawk | Building trend data for NIFTY... (0/20)
2026-05-12 17:44:18,097 | INFO | stock_hawk | Building trend data for BANKNIFTY... (0/20)
2026-05-12 17:44:36,076 | INFO | stock_hawk | Building trend data for NIFTY... (0/20)
2026-05-12 17:44:36,076 | INFO | stock_hawk | Building trend data for BANKNIFTY... (0/20)
2026-05-12 17:44:51,048 | INFO | stock_hawk | Building trend data for NIFTY... (0/20)
2026-05-12 17:44:51,048 | INFO | stock_hawk | Building trend data for BANKNIFTY... (0/20)
2026-05-12 17:45:06,144 | INFO | stock_hawk | Building trend data for NIFTY... (0/20)
2026-05-12 17:45:06,144 | INFO | stock_hawk | Building trend data for BANKNIFTY... (0/20)
2026-05-12 17:45:24,114 | INFO | stock_hawk | Building trend data for NIFTY... (0/20)
2026-05-12 17:45:24,114 | INFO | stock_hawk | Building trend data for BANKNIFTY... (0/20)
2026-05-12 17:45:39,148 | INFO | stock_hawk | Building trend data for NIFTY... (0/20)
2026-05-12 17:45:39,148 | INFO | stock_hawk | Building trend data for BANKNIFTY... (0/20)
2026-05-12 17:45:54,384 | INFO | stock_hawk | Building trend data for NIFTY... (0/20)
2026-05-12 17:45:54,384 | INFO | stock_hawk | Building trend data for BANKNIFTY... (0/20)
2026-05-12 17:46:12,503 | INFO | stock_hawk | Building trend data for NIFTY... (0/20)
2026-05-12 17:46:12,503 | INFO | stock_hawk | Building trend data for BANKNIFTY... (0/20)
2026-05-12 17:46:30,169 | INFO | stock_hawk | Building trend data for NIFTY... (0/20)
2026-05-12 17:46:30,169 | INFO | stock_hawk | Building trend data for BANKNIFTY... (0/20)
2026-05-12 17:46:48,081 | INFO | stock_hawk | Building trend data for NIFTY... (0/20)
2026-05-12 17:46:48,081 | INFO | stock_hawk | Building trend data for BANKNIFTY... (0/20)
2026-05-12 17:47:06,103 | INFO | stock_hawk | Building trend data for NIFTY... (0/20)
2026-05-12 17:47:06,103 | INFO | stock_hawk | Building trend data for BANKNIFTY... (0/20)
2026-05-12 17:47:24,068 | INFO | stock_hawk | Building trend data for NIFTY... (0/20)
2026-05-12 17:47:24,068 | INFO | stock_hawk | Building trend data for BANKNIFTY... (0/20)
2026-05-12 17:47:39,086 | INFO | stock_hawk | Building trend data for NIFTY... (0/20)
2026-05-12 17:47:39,086 | INFO | stock_hawk | Building trend data for BANKNIFTY... (0/20)
2026-05-12 17:47:57,121 | INFO | stock_hawk | Building trend data for NIFTY... (0/20)
2026-05-12 17:47:57,121 | INFO | stock_hawk | Building trend data for BANKNIFTY... (0/20)
2026-05-12 17:48:12,132 | INFO | stock_hawk | Building trend data for NIFTY... (0/20)
2026-05-12 17:48:12,132 | INFO | stock_hawk | Building trend data for BANKNIFTY... (0/20)
2026-05-12 17:48:27,171 | INFO | stock_hawk | Building trend data for NIFTY... (0/20)
2026-05-12 17:48:27,171 | INFO | stock_hawk | Building trend data for BANKNIFTY... (0/20)
2026-05-12 17:48:42,240 | INFO | stock_hawk | Building trend data for NIFTY... (0/20)
2026-05-12 17:48:42,240 | INFO | stock_hawk | Building trend data for BANKNIFTY... (0/20)
2026-05-12 17:49:00,143 | INFO | stock_hawk | Building trend data for NIFTY... (0/20)
2026-05-12 17:49:00,143 | INFO | stock_hawk | Building trend data for BANKNIFTY... (0/20)
2026-05-12 17:49:15,126 | INFO | stock_hawk | Building trend data for NIFTY... (0/20)
2026-05-12 17:49:15,126 | INFO | stock_hawk | Building trend data for BANKNIFTY... (0/20)
2026-05-12 17:49:30,654 | INFO | stock_hawk | Building trend data for NIFTY... (0/20)
2026-05-12 17:49:30,654 | INFO | stock_hawk | Building trend data for BANKNIFTY... (0/20)
2026-05-12 17:49:49,142 | INFO | stock_hawk | Building trend data for NIFTY... (0/20)
2026-05-12 17:49:49,142 | INFO | stock_hawk | Building trend data for BANKNIFTY... (0/20)
2026-05-12 17:50:03,822 | INFO | stock_hawk | Building trend data for NIFTY... (0/20)
2026-05-12 17:50:03,824 | INFO | stock_hawk | Building trend data for BANKNIFTY... (0/20)
2026-05-12 17:50:21,248 | INFO | stock_hawk | Building trend data for NIFTY... (0/20)
2026-05-12 17:50:21,248 | INFO | stock_hawk | Building trend data for BANKNIFTY... (0/20)
2026-05-12 17:50:36,368 | INFO | stock_hawk | Building trend data for NIFTY... (0/20)
2026-05-12 17:50:36,368 | INFO | stock_hawk | Building trend data for BANKNIFTY... (0/20)
2026-05-12 17:50:54,220 | INFO | stock_hawk | Building trend data for NIFTY... (0/20)
2026-05-12 17:50:54,220 | INFO | stock_hawk | Building trend data for BANKNIFTY... (0/20)
2026-05-12 17:51:12,230 | INFO | stock_hawk | Building trend data for NIFTY... (0/20)
2026-05-12 17:51:12,230 | INFO | stock_hawk | Building trend data for BANKNIFTY... (0/20)
2026-05-12 17:51:27,251 | INFO | stock_hawk | Building trend data for NIFTY... (0/20)
2026-05-12 17:51:27,251 | INFO | stock_hawk | Building trend data for BANKNIFTY... (0/20)
2026-05-12 17:51:42,233 | INFO | stock_hawk | Building trend data for NIFTY... (0/20)
2026-05-12 17:51:42,233 | INFO | stock_hawk | Building trend data for BANKNIFTY... (0/20)
2026-05-12 17:52:00,342 | INFO | stock_hawk | Building trend data for NIFTY... (0/20)
2026-05-12 17:52:00,342 | INFO | stock_hawk | Building trend data for BANKNIFTY... (0/20)
2026-05-12 17:52:18,221 | INFO | stock_hawk | Building trend data for NIFTY... (0/20)
2026-05-12 17:52:18,221 | INFO | stock_hawk | Building trend data for BANKNIFTY... (0/20)
2026-05-12 17:52:33,229 | INFO | stock_hawk | Building trend data for NIFTY... (0/20)
2026-05-12 17:52:33,229 | INFO | stock_hawk | Building trend data for BANKNIFTY... (0/20)
2026-05-12 17:52:51,234 | INFO | stock_hawk | Building trend data for NIFTY... (0/20)
2026-05-12 17:52:51,234 | INFO | stock_hawk | Building trend data for BANKNIFTY... (0/20)
2026-05-12 17:53:06,615 | INFO | stock_hawk | Building trend data for NIFTY... (0/20)
2026-05-12 17:53:06,615 | INFO | stock_hawk | Building trend data for BANKNIFTY... (0/20)
2026-05-12 17:53:24,252 | INFO | stock_hawk | Building trend data for NIFTY... (0/20)
2026-05-12 17:53:24,252 | INFO | stock_hawk | Building trend data for BANKNIFTY... (0/20)
2026-05-12 17:53:39,249 | INFO | stock_hawk | Building trend data for NIFTY... (0/20)
2026-05-12 17:53:39,249 | INFO | stock_hawk | Building trend data for BANKNIFTY... (0/20)
2026-05-12 17:53:54,353 | INFO | stock_hawk | Building trend data for NIFTY... (0/20)
2026-05-12 17:53:54,353 | INFO | stock_hawk | Building trend data for BANKNIFTY... (0/20)
2026-05-12 17:54:12,218 | INFO | stock_hawk | Building trend data for NIFTY... (0/20)
2026-05-12 17:54:12,218 | INFO | stock_hawk | Building trend data for BANKNIFTY... (0/20)
2026-05-12 17:54:27,258 | INFO | stock_hawk | Building trend data for NIFTY... (0/20)
2026-05-12 17:54:27,258 | INFO | stock_hawk | Building trend data for BANKNIFTY... (0/20)
2026-05-12 17:54:45,238 | INFO | stock_hawk | Building trend data for NIFTY... (0/20)
2026-05-12 17:54:45,238 | INFO | stock_hawk | Building trend data for BANKNIFTY... (0/20)
2026-05-12 17:55:03,314 | INFO | stock_hawk | Building trend data for NIFTY... (0/20)
2026-05-12 17:55:03,314 | INFO | stock_hawk | Building trend data for BANKNIFTY... (0/20)
2026-05-12 17:55:18,240 | INFO | stock_hawk | Building trend data for NIFTY... (0/20)
2026-05-12 17:55:18,240 | INFO | stock_hawk | Building trend data for BANKNIFTY... (0/20)
2026-05-12 17:55:45,007 | INFO | stock_hawk | Token loaded successfully for Dilip Jayantilal Shah
2026-05-12 17:55:48,032 | INFO | stock_hawk | Token loaded successfully for Dilip Jayantilal Shah
2026-05-12 17:55:48,032 | INFO | stock_hawk | Downloading instrument list...
2026-05-12 17:55:53,122 | INFO | stock_hawk | Building trend data for NIFTY... (1/20)
2026-05-12 17:55:53,122 | INFO | stock_hawk | Building trend data for BANKNIFTY... (0/20)
2026-05-12 17:55:53,399 | INFO | stock_hawk | Manual refresh triggered
2026-05-12 17:56:00,164 | INFO | stock_hawk | Token loaded successfully for Dilip Jayantilal Shah
2026-05-12 17:56:00,839 | INFO | stock_hawk | Token loaded successfully for Dilip Jayantilal Shah
2026-05-12 17:56:00,839 | INFO | stock_hawk | Downloading instrument list...
2026-05-12 17:56:06,696 | INFO | stock_hawk | Building trend data for NIFTY... (4/20)
2026-05-12 17:56:06,697 | INFO | stock_hawk | Building trend data for BANKNIFTY... (0/20)
2026-05-12 17:56:22,099 | INFO | stock_hawk | Building trend data for NIFTY... (6/20)
2026-05-12 17:56:22,100 | INFO | stock_hawk | Building trend data for BANKNIFTY... (0/20)
2026-05-12 17:56:37,305 | INFO | stock_hawk | Building trend data for NIFTY... (6/20)
2026-05-12 17:56:37,306 | INFO | stock_hawk | Building trend data for BANKNIFTY... (0/20)
2026-05-12 17:56:55,525 | INFO | stock_hawk | Building trend data for NIFTY... (6/20)
2026-05-12 17:56:55,525 | INFO | stock_hawk | Building trend data for BANKNIFTY... (0/20)
2026-05-12 17:59:14,476 | INFO | stock_hawk | Token loaded successfully for Dilip Jayantilal Shah
2026-05-12 17:59:15,104 | INFO | stock_hawk | Token loaded successfully for Dilip Jayantilal Shah
2026-05-12 17:59:15,105 | INFO | stock_hawk | Downloading instrument list...
2026-05-12 17:59:19,482 | INFO | stock_hawk | Building trend data for NIFTY... (7/20)
2026-05-12 17:59:19,482 | INFO | stock_hawk | Building trend data for BANKNIFTY... (0/20)
2026-05-12 17:59:35,428 | INFO | stock_hawk | Building trend data for NIFTY... (12/20)
2026-05-12 17:59:35,429 | INFO | stock_hawk | Building trend data for BANKNIFTY... (0/20)
2026-05-12 17:59:51,384 | INFO | stock_hawk | Building trend data for NIFTY... (12/20)
2026-05-12 17:59:51,384 | INFO | stock_hawk | Building trend data for BANKNIFTY... (0/20)
2026-05-12 18:00:09,318 | INFO | stock_hawk | Building trend data for NIFTY... (12/20)
2026-05-12 18:00:09,318 | INFO | stock_hawk | Building trend data for BANKNIFTY... (0/20)
2026-05-12 18:00:24,492 | INFO | stock_hawk | Building trend data for NIFTY... (12/20)
2026-05-12 18:00:24,492 | INFO | stock_hawk | Building trend data for BANKNIFTY... (0/20)
2026-05-12 18:00:42,423 | INFO | stock_hawk | Building trend data for NIFTY... (7/20)
2026-05-12 18:00:42,424 | INFO | stock_hawk | Building trend data for BANKNIFTY... (0/20)
2026-05-12 18:00:57,512 | INFO | stock_hawk | Building trend data for NIFTY... (6/20)
2026-05-12 18:00:57,512 | INFO | stock_hawk | Building trend data for BANKNIFTY... (0/20)
2026-05-12 18:01:15,457 | INFO | stock_hawk | Building trend data for NIFTY... (6/20)
2026-05-12 18:01:15,458 | INFO | stock_hawk | Building trend data for BANKNIFTY... (0/20)
2026-05-12 18:01:33,307 | INFO | stock_hawk | Building trend data for NIFTY... (6/20)
2026-05-12 18:01:33,307 | INFO | stock_hawk | Building trend data for BANKNIFTY... (0/20)
2026-05-12 18:01:48,364 | INFO | stock_hawk | Building trend data for NIFTY... (1/20)
2026-05-12 18:01:48,364 | INFO | stock_hawk | Building trend data for BANKNIFTY... (0/20)
2026-05-12 18:02:03,560 | INFO | stock_hawk | Building trend data for NIFTY... (0/20)
2026-05-12 18:02:03,560 | INFO | stock_hawk | Building trend data for BANKNIFTY... (0/20)
2026-05-12 18:02:21,532 | INFO | stock_hawk | Building trend data for NIFTY... (0/20)
2026-05-12 18:02:21,532 | INFO | stock_hawk | Building trend data for BANKNIFTY... (0/20)
2026-05-12 18:02:39,323 | INFO | stock_hawk | Building trend data for NIFTY... (0/20)
2026-05-12 18:02:39,323 | INFO | stock_hawk | Building trend data for BANKNIFTY... (0/20)
2026-05-12 18:02:54,372 | INFO | stock_hawk | Building trend data for NIFTY... (0/20)
2026-05-12 18:02:54,372 | INFO | stock_hawk | Building trend data for BANKNIFTY... (0/20)
2026-05-12 18:03:09,332 | INFO | stock_hawk | Building trend data for NIFTY... (0/20)
2026-05-12 18:03:09,333 | INFO | stock_hawk | Building trend data for BANKNIFTY... (0/20)
2026-05-12 18:03:27,270 | INFO | stock_hawk | Building trend data for NIFTY... (0/20)
2026-05-12 18:03:27,270 | INFO | stock_hawk | Building trend data for BANKNIFTY... (0/20)
2026-05-12 18:03:42,296 | INFO | stock_hawk | Building trend data for NIFTY... (0/20)
2026-05-12 18:03:42,296 | INFO | stock_hawk | Building trend data for BANKNIFTY... (0/20)
2026-05-12 18:04:00,269 | INFO | stock_hawk | Building trend data for NIFTY... (0/20)
2026-05-12 18:04:00,269 | INFO | stock_hawk | Building trend data for BANKNIFTY... (0/20)
2026-05-12 18:04:15,299 | INFO | stock_hawk | Building trend data for NIFTY... (0/20)
2026-05-12 18:04:15,299 | INFO | stock_hawk | Building trend data for BANKNIFTY... (0/20)
2026-05-12 18:04:30,564 | INFO | stock_hawk | Building trend data for NIFTY... (0/20)
2026-05-12 18:04:30,564 | INFO | stock_hawk | Building trend data for BANKNIFTY... (0/20)
2026-05-12 18:04:48,308 | INFO | stock_hawk | Building trend data for NIFTY... (0/20)
2026-05-12 18:04:48,308 | INFO | stock_hawk | Building trend data for BANKNIFTY... (0/20)
2026-05-12 18:05:03,371 | INFO | stock_hawk | Building trend data for NIFTY... (0/20)
2026-05-12 18:05:03,371 | INFO | stock_hawk | Building trend data for BANKNIFTY... (0/20)
2026-05-12 18:05:21,306 | INFO | stock_hawk | Building trend data for NIFTY... (0/20)
2026-05-12 18:05:21,307 | INFO | stock_hawk | Building trend data for BANKNIFTY... (0/20)
2026-05-12 18:05:36,335 | INFO | stock_hawk | Building trend data for NIFTY... (0/20)
2026-05-12 18:05:36,335 | INFO | stock_hawk | Building trend data for BANKNIFTY... (0/20)
2026-05-12 18:05:54,406 | INFO | stock_hawk | Building trend data for NIFTY... (0/20)
2026-05-12 18:05:54,406 | INFO | stock_hawk | Building trend data for BANKNIFTY... (0/20)
2026-05-12 18:06:12,351 | INFO | stock_hawk | Building trend data for NIFTY... (0/20)
2026-05-12 18:06:12,351 | INFO | stock_hawk | Building trend data for BANKNIFTY... (0/20)
2026-05-12 18:06:30,402 | INFO | stock_hawk | Building trend data for NIFTY... (0/20)
2026-05-12 18:06:30,402 | INFO | stock_hawk | Building trend data for BANKNIFTY... (0/20)
2026-05-12 18:06:45,397 | INFO | stock_hawk | Building trend data for NIFTY... (0/20)
2026-05-12 18:06:45,397 | INFO | stock_hawk | Building trend data for BANKNIFTY... (0/20)
2026-05-12 18:07:03,323 | INFO | stock_hawk | Building trend data for NIFTY... (0/20)
2026-05-12 18:07:03,323 | INFO | stock_hawk | Building trend data for BANKNIFTY... (0/20)
2026-05-12 18:07:18,513 | INFO | stock_hawk | Building trend data for NIFTY... (0/20)
2026-05-12 18:07:18,513 | INFO | stock_hawk | Building trend data for BANKNIFTY... (0/20)
2026-05-12 18:07:36,408 | INFO | stock_hawk | Building trend data for NIFTY... (0/20)
2026-05-12 18:07:36,408 | INFO | stock_hawk | Building trend data for BANKNIFTY... (0/20)
2026-05-12 18:07:54,308 | INFO | stock_hawk | Building trend data for NIFTY... (0/20)
2026-05-12 18:07:54,308 | INFO | stock_hawk | Building trend data for BANKNIFTY... (0/20)
2026-05-12 18:08:09,412 | INFO | stock_hawk | Building trend data for NIFTY... (0/20)
2026-05-12 18:08:09,413 | INFO | stock_hawk | Building trend data for BANKNIFTY... (0/20)
2026-05-12 18:08:24,335 | INFO | stock_hawk | Building trend data for NIFTY... (0/20)
2026-05-12 18:08:24,335 | INFO | stock_hawk | Building trend data for BANKNIFTY... (0/20)
2026-05-12 18:08:39,473 | INFO | stock_hawk | Building trend data for NIFTY... (0/20)
2026-05-12 18:08:39,473 | INFO | stock_hawk | Building trend data for BANKNIFTY... (0/20)
2026-05-12 18:08:57,406 | INFO | stock_hawk | Building trend data for NIFTY... (0/20)
2026-05-12 18:08:57,407 | INFO | stock_hawk | Building trend data for BANKNIFTY... (0/20)
2026-05-12 18:09:15,413 | INFO | stock_hawk | Building trend data for NIFTY... (0/20)
2026-05-12 18:09:15,413 | INFO | stock_hawk | Building trend data for BANKNIFTY... (0/20)
2026-05-12 18:09:33,364 | INFO | stock_hawk | Building trend data for NIFTY... (0/20)
2026-05-12 18:09:33,364 | INFO | stock_hawk | Building trend data for BANKNIFTY... (0/20)
2026-05-12 18:09:48,361 | INFO | stock_hawk | Building trend data for NIFTY... (0/20)
2026-05-12 18:09:48,361 | INFO | stock_hawk | Building trend data for BANKNIFTY... (0/20)
2026-05-12 18:10:03,401 | INFO | stock_hawk | Building trend data for NIFTY... (0/20)
2026-05-12 18:10:03,401 | INFO | stock_hawk | Building trend data for BANKNIFTY... (0/20)
2026-05-12 18:10:21,356 | INFO | stock_hawk | Building trend data for NIFTY... (0/20)
2026-05-12 18:10:21,356 | INFO | stock_hawk | Building trend data for BANKNIFTY... (0/20)
2026-05-12 18:10:36,405 | INFO | stock_hawk | Building trend data for NIFTY... (0/20)
2026-05-12 18:10:36,405 | INFO | stock_hawk | Building trend data for BANKNIFTY... (0/20)
2026-05-12 18:10:54,398 | INFO | stock_hawk | Building trend data for NIFTY... (0/20)
2026-05-12 18:10:54,398 | INFO | stock_hawk | Building trend data for BANKNIFTY... (0/20)
2026-05-12 18:11:09,437 | INFO | stock_hawk | Building trend data for NIFTY... (0/20)
2026-05-12 18:11:09,437 | INFO | stock_hawk | Building trend data for BANKNIFTY... (0/20)
2026-05-12 18:11:27,366 | INFO | stock_hawk | Building trend data for NIFTY... (0/20)
2026-05-12 18:11:27,366 | INFO | stock_hawk | Building trend data for BANKNIFTY... (0/20)
2026-05-12 18:11:45,348 | INFO | stock_hawk | Building trend data for NIFTY... (0/20)
2026-05-12 18:11:45,348 | INFO | stock_hawk | Building trend data for BANKNIFTY... (0/20)
2026-05-12 18:12:00,399 | INFO | stock_hawk | Building trend data for NIFTY... (0/20)
2026-05-12 18:12:00,399 | INFO | stock_hawk | Building trend data for BANKNIFTY... (0/20)
2026-05-12 18:12:18,403 | INFO | stock_hawk | Building trend data for NIFTY... (0/20)
2026-05-12 18:12:18,403 | INFO | stock_hawk | Building trend data for BANKNIFTY... (0/20)
2026-05-12 18:12:36,360 | INFO | stock_hawk | Building trend data for NIFTY... (0/20)
2026-05-12 18:12:36,360 | INFO | stock_hawk | Building trend data for BANKNIFTY... (0/20)
2026-05-12 18:12:51,470 | INFO | stock_hawk | Building trend data for NIFTY... (0/20)
2026-05-12 18:12:51,470 | INFO | stock_hawk | Building trend data for BANKNIFTY... (0/20)
2026-05-12 18:13:09,353 | INFO | stock_hawk | Building trend data for NIFTY... (0/20)
2026-05-12 18:13:09,353 | INFO | stock_hawk | Building trend data for BANKNIFTY... (0/20)
2026-05-12 18:13:24,427 | INFO | stock_hawk | Building trend data for NIFTY... (0/20)
2026-05-12 18:13:24,427 | INFO | stock_hawk | Building trend data for BANKNIFTY... (0/20)
2026-05-12 18:13:39,446 | INFO | stock_hawk | Building trend data for NIFTY... (0/20)
2026-05-12 18:13:39,446 | INFO | stock_hawk | Building trend data for BANKNIFTY... (0/20)
2026-05-12 18:13:54,389 | INFO | stock_hawk | Building trend data for NIFTY... (0/20)
2026-05-12 18:13:54,389 | INFO | stock_hawk | Building trend data for BANKNIFTY... (0/20)
2026-05-12 18:14:12,424 | INFO | stock_hawk | Building trend data for NIFTY... (0/20)
2026-05-12 18:14:12,424 | INFO | stock_hawk | Building trend data for BANKNIFTY... (0/20)
2026-05-12 18:14:27,534 | INFO | stock_hawk | Building trend data for NIFTY... (0/20)
2026-05-12 18:14:27,534 | INFO | stock_hawk | Building trend data for BANKNIFTY... (0/20)
2026-05-12 18:14:45,553 | INFO | stock_hawk | Building trend data for NIFTY... (0/20)
2026-05-12 18:14:45,553 | INFO | stock_hawk | Building trend data for BANKNIFTY... (0/20)
2026-05-12 18:15:03,410 | INFO | stock_hawk | Building trend data for NIFTY... (0/20)
2026-05-12 18:15:03,411 | INFO | stock_hawk | Building trend data for BANKNIFTY... (0/20)
2026-05-12 18:15:21,451 | INFO | stock_hawk | Building trend data for NIFTY... (0/20)
2026-05-12 18:15:21,451 | INFO | stock_hawk | Building trend data for BANKNIFTY... (0/20)
2026-05-12 18:15:39,465 | INFO | stock_hawk | Building trend data for NIFTY... (0/20)
2026-05-12 18:15:39,465 | INFO | stock_hawk | Building trend data for BANKNIFTY... (0/20)
2026-05-12 18:15:54,425 | INFO | stock_hawk | Building trend data for NIFTY... (0/20)
2026-05-12 18:15:54,426 | INFO | stock_hawk | Building trend data for BANKNIFTY... (0/20)
2026-05-12 18:16:09,467 | INFO | stock_hawk | Building trend data for NIFTY... (0/20)
2026-05-12 18:16:09,467 | INFO | stock_hawk | Building trend data for BANKNIFTY... (0/20)
2026-05-12 18:16:27,368 | INFO | stock_hawk | Building trend data for NIFTY... (0/20)
2026-05-12 18:16:27,369 | INFO | stock_hawk | Building trend data for BANKNIFTY... (0/20)
2026-05-12 18:16:42,442 | INFO | stock_hawk | Building trend data for NIFTY... (0/20)
2026-05-12 18:16:42,442 | INFO | stock_hawk | Building trend data for BANKNIFTY... (0/20)
2026-05-12 18:16:57,471 | INFO | stock_hawk | Building trend data for NIFTY... (0/20)
2026-05-12 18:16:57,471 | INFO | stock_hawk | Building trend data for BANKNIFTY... (0/20)
2026-05-12 18:17:15,387 | INFO | stock_hawk | Building trend data for NIFTY... (0/20)
2026-05-12 18:17:15,387 | INFO | stock_hawk | Building trend data for BANKNIFTY... (0/20)
2026-05-12 18:17:30,378 | INFO | stock_hawk | Building trend data for NIFTY... (0/20)
2026-05-12 18:17:30,378 | INFO | stock_hawk | Building trend data for BANKNIFTY... (0/20)
2026-05-12 18:17:45,381 | INFO | stock_hawk | Building trend data for NIFTY... (0/20)
2026-05-12 18:17:45,381 | INFO | stock_hawk | Building trend data for BANKNIFTY... (0/20)
2026-05-12 18:18:00,457 | INFO | stock_hawk | Building trend data for NIFTY... (0/20)
2026-05-12 18:18:00,457 | INFO | stock_hawk | Building trend data for BANKNIFTY... (0/20)
2026-05-12 18:18:15,509 | INFO | stock_hawk | Building trend data for NIFTY... (0/20)
2026-05-12 18:18:15,509 | INFO | stock_hawk | Building trend data for BANKNIFTY... (0/20)
2026-05-12 18:18:30,545 | INFO | stock_hawk | Building trend data for NIFTY... (0/20)
2026-05-12 18:18:30,545 | INFO | stock_hawk | Building trend data for BANKNIFTY... (0/20)
2026-05-12 18:18:48,542 | INFO | stock_hawk | Building trend data for NIFTY... (0/20)
2026-05-12 18:18:48,542 | INFO | stock_hawk | Building trend data for BANKNIFTY... (0/20)
2026-05-12 18:19:06,467 | INFO | stock_hawk | Building trend data for NIFTY... (0/20)
2026-05-12 18:19:06,467 | INFO | stock_hawk | Building trend data for BANKNIFTY... (0/20)
2026-05-12 18:19:24,433 | INFO | stock_hawk | Building trend data for NIFTY... (0/20)
2026-05-12 18:19:24,433 | INFO | stock_hawk | Building trend data for BANKNIFTY... (0/20)
2026-05-12 18:19:39,597 | INFO | stock_hawk | Building trend data for NIFTY... (0/20)
2026-05-12 18:19:39,598 | INFO | stock_hawk | Building trend data for BANKNIFTY... (0/20)
2026-05-12 18:19:57,479 | INFO | stock_hawk | Building trend data for NIFTY... (0/20)
2026-05-12 18:19:57,479 | INFO | stock_hawk | Building trend data for BANKNIFTY... (0/20)
2026-05-12 18:20:15,435 | INFO | stock_hawk | Building trend data for NIFTY... (0/20)
2026-05-12 18:20:15,435 | INFO | stock_hawk | Building trend data for BANKNIFTY... (0/20)
2026-05-12 18:20:33,428 | INFO | stock_hawk | Building trend data for NIFTY... (0/20)
2026-05-12 18:20:33,428 | INFO | stock_hawk | Building trend data for BANKNIFTY... (0/20)
2026-05-12 18:20:51,409 | INFO | stock_hawk | Building trend data for NIFTY... (0/20)
2026-05-12 18:20:51,410 | INFO | stock_hawk | Building trend data for BANKNIFTY... (0/20)
2026-05-12 18:21:06,402 | INFO | stock_hawk | Building trend data for NIFTY... (0/20)
2026-05-12 18:21:06,402 | INFO | stock_hawk | Building trend data for BANKNIFTY... (0/20)
2026-05-12 18:21:21,456 | INFO | stock_hawk | Building trend data for NIFTY... (0/20)
2026-05-12 18:21:21,456 | INFO | stock_hawk | Building trend data for BANKNIFTY... (0/20)
2026-05-12 18:21:39,412 | INFO | stock_hawk | Building trend data for NIFTY... (0/20)
2026-05-12 18:21:39,412 | INFO | stock_hawk | Building trend data for BANKNIFTY... (0/20)
2026-05-12 18:21:57,409 | INFO | stock_hawk | Building trend data for NIFTY... (0/20)
2026-05-12 18:21:57,409 | INFO | stock_hawk | Building trend data for BANKNIFTY... (0/20)
2026-05-12 18:22:12,773 | INFO | stock_hawk | Building trend data for NIFTY... (0/20)
2026-05-12 18:22:12,774 | INFO | stock_hawk | Building trend data for BANKNIFTY... (0/20)
2026-05-12 18:22:27,527 | INFO | stock_hawk | Building trend data for NIFTY... (0/20)
2026-05-12 18:22:27,527 | INFO | stock_hawk | Building trend data for BANKNIFTY... (0/20)
2026-05-12 18:22:45,422 | INFO | stock_hawk | Building trend data for NIFTY... (0/20)
2026-05-12 18:22:45,422 | INFO | stock_hawk | Building trend data for BANKNIFTY... (0/20)
2026-05-12 18:23:00,457 | INFO | stock_hawk | Building trend data for NIFTY... (0/20)
2026-05-12 18:23:00,457 | INFO | stock_hawk | Building trend data for BANKNIFTY... (0/20)
2026-05-12 18:23:15,464 | INFO | stock_hawk | Building trend data for NIFTY... (0/20)
2026-05-12 18:23:15,464 | INFO | stock_hawk | Building trend data for BANKNIFTY... (0/20)
2026-05-12 18:23:33,446 | INFO | stock_hawk | Building trend data for NIFTY... (0/20)
2026-05-12 18:23:33,447 | INFO | stock_hawk | Building trend data for BANKNIFTY... (0/20)
2026-05-12 18:23:51,489 | INFO | stock_hawk | Building trend data for NIFTY... (0/20)
2026-05-12 18:23:51,489 | INFO | stock_hawk | Building trend data for BANKNIFTY... (0/20)
2026-05-12 18:24:06,493 | INFO | stock_hawk | Building trend data for NIFTY... (0/20)
2026-05-12 18:24:06,493 | INFO | stock_hawk | Building trend data for BANKNIFTY... (0/20)
2026-05-12 18:24:21,522 | INFO | stock_hawk | Building trend data for NIFTY... (0/20)
2026-05-12 18:24:21,522 | INFO | stock_hawk | Building trend data for BANKNIFTY... (0/20)
2026-05-12 18:24:39,449 | INFO | stock_hawk | Building trend data for NIFTY... (0/20)
2026-05-12 18:24:39,449 | INFO | stock_hawk | Building trend data for BANKNIFTY... (0/20)
2026-05-12 18:24:54,568 | INFO | stock_hawk | Building trend data for NIFTY... (0/20)
2026-05-12 18:24:54,568 | INFO | stock_hawk | Building trend data for BANKNIFTY... (0/20)
2026-05-12 18:25:12,535 | INFO | stock_hawk | Building trend data for NIFTY... (0/20)
2026-05-12 18:25:12,535 | INFO | stock_hawk | Building trend data for BANKNIFTY... (0/20)
2026-05-12 18:25:30,459 | INFO | stock_hawk | Building trend data for NIFTY... (0/20)
2026-05-12 18:25:30,459 | INFO | stock_hawk | Building trend data for BANKNIFTY... (0/20)
2026-05-12 18:25:45,657 | INFO | stock_hawk | Building trend data for NIFTY... (0/20)
2026-05-12 18:25:45,658 | INFO | stock_hawk | Building trend data for BANKNIFTY... (0/20)
2026-05-12 18:26:03,530 | INFO | stock_hawk | Building trend data for NIFTY... (0/20)
2026-05-12 18:26:03,530 | INFO | stock_hawk | Building trend data for BANKNIFTY... (0/20)
2026-05-12 18:26:21,563 | INFO | stock_hawk | Building trend data for NIFTY... (0/20)
2026-05-12 18:26:21,563 | INFO | stock_hawk | Building trend data for BANKNIFTY... (0/20)
2026-05-12 18:26:39,493 | INFO | stock_hawk | Building trend data for NIFTY... (0/20)
2026-05-12 18:26:39,493 | INFO | stock_hawk | Building trend data for BANKNIFTY... (0/20)
2026-05-12 18:26:54,513 | INFO | stock_hawk | Building trend data for NIFTY... (0/20)
2026-05-12 18:26:54,513 | INFO | stock_hawk | Building trend data for BANKNIFTY... (0/20)
2026-05-12 18:27:12,526 | INFO | stock_hawk | Building trend data for NIFTY... (0/20)
2026-05-12 18:27:12,526 | INFO | stock_hawk | Building trend data for BANKNIFTY... (0/20)
2026-05-12 18:27:30,522 | INFO | stock_hawk | Building trend data for NIFTY... (0/20)
2026-05-12 18:27:30,522 | INFO | stock_hawk | Building trend data for BANKNIFTY... (0/20)
2026-05-12 18:27:49,413 | INFO | stock_hawk | Building trend data for NIFTY... (0/20)
2026-05-12 18:27:49,413 | INFO | stock_hawk | Building trend data for BANKNIFTY... (0/20)
2026-05-12 18:28:06,545 | INFO | stock_hawk | Building trend data for NIFTY... (0/20)
2026-05-12 18:28:06,545 | INFO | stock_hawk | Building trend data for BANKNIFTY... (0/20)
2026-05-12 18:28:21,602 | INFO | stock_hawk | Building trend data for NIFTY... (0/20)
2026-05-12 18:28:21,603 | INFO | stock_hawk | Building trend data for BANKNIFTY... (0/20)
2026-05-12 18:28:36,844 | INFO | stock_hawk | Building trend data for NIFTY... (0/20)
2026-05-12 18:28:36,844 | INFO | stock_hawk | Building trend data for BANKNIFTY... (0/20)
2026-05-12 18:28:54,855 | INFO | stock_hawk | Building trend data for NIFTY... (0/20)
2026-05-12 18:28:54,856 | INFO | stock_hawk | Building trend data for BANKNIFTY... (0/20)
2026-05-12 18:29:12,617 | INFO | stock_hawk | Building trend data for NIFTY... (0/20)
2026-05-12 18:29:12,617 | INFO | stock_hawk | Building trend data for BANKNIFTY... (0/20)
2026-05-12 18:29:27,668 | INFO | stock_hawk | Building trend data for NIFTY... (0/20)
2026-05-12 18:29:27,668 | INFO | stock_hawk | Building trend data for BANKNIFTY... (0/20)
2026-05-12 18:29:48,168 | INFO | stock_hawk | Token loaded successfully for Dilip Jayantilal Shah
2026-05-12 18:29:48,171 | INFO | stock_hawk | Downloading instrument list...
2026-05-12 18:29:53,663 | INFO | stock_hawk | Token loaded successfully for Dilip Jayantilal Shah
2026-05-12 18:31:21,068 | WARNING | stock_hawk | ALERT | MARKET | 1M_UPDATE | 📊 1 Min Market Update
- CRUDEOIL: 📈 UP by 3 (Now: 9642)
2026-05-12 18:32:21,094 | WARNING | stock_hawk | ALERT | MARKET | 1M_UPDATE | 📊 1 Min Market Update
- CRUDEOIL: 📈 UP by 15 (Now: 9657)
2026-05-12 18:33:21,558 | WARNING | stock_hawk | ALERT | MARKET | 1M_UPDATE | 📊 1 Min Market Update
- CRUDEOIL: 📈 UP by 9 (Now: 9666)
2026-05-12 18:35:55,168 | INFO | stock_hawk | Token loaded successfully for Dilip Jayantilal Shah
2026-05-12 18:35:55,172 | INFO | stock_hawk | Downloading instrument list...
2026-05-12 18:36:00,970 | INFO | stock_hawk | Token loaded successfully for Dilip Jayantilal Shah
2026-05-12 18:42:31,059 | WARNING | stock_hawk | ALERT | MARKET | 1M_UPDATE | 📊 1 Min Market Update
- CRUDEOIL: 📉 DOWN by 12 (Now: 9698)
2026-05-12 18:46:37,406 | INFO | stock_hawk | Token loaded successfully for Dilip Jayantilal Shah
2026-05-12 18:46:37,410 | INFO | stock_hawk | Downloading instrument list...
2026-05-12 18:46:43,009 | INFO | stock_hawk | Token loaded successfully for Dilip Jayantilal Shah
